<?xml version="1.0" encoding="UTF-8"?>
<testng-results ignored="0" total="1" passed="1" failed="0" skipped="0">
  <reporter-output>
  </reporter-output>
  <suite started-at="2023-06-08T21:24:18 IST" name="Surefire suite" finished-at="2023-06-08T21:25:32 IST" duration-ms="74906">
    <groups>
      <group name="cucumber">
        <method signature="AbstractTestNGCucumberTests.runScenario(io.cucumber.testng.PickleWrapper,io.cucumber.testng.FeatureWrapper)[pri:0, instance:com.ericsson.estee.ui.runner.TestNGTestRunner@1f3f4916]" name="runScenario" class="io.cucumber.testng.AbstractTestNGCucumberTests"/>
      </group> <!-- cucumber -->
    </groups>
    <test started-at="2023-06-08T21:24:18 IST" name="Surefire test" finished-at="2023-06-08T21:25:32 IST" duration-ms="74906">
      <class name="com.ericsson.estee.ui.runner.TestNGTestRunner">
        <test-method is-config="true" signature="setUpClass(org.testng.ITestContext)[pri:0, instance:com.ericsson.estee.ui.runner.TestNGTestRunner@1f3f4916]" started-at="2023-06-08T21:24:18 IST" name="setUpClass" finished-at="2023-06-08T21:24:22 IST" duration-ms="3923" status="PASS">
          <params>
            <param index="0">
              <value>
                <![CDATA[org.testng.TestRunner@433ea2ac]]>
              </value>
            </param>
          </params>
          <reporter-output>
          </reporter-output>
        </test-method> <!-- setUpClass -->
        <test-method signature="runScenario(io.cucumber.testng.PickleWrapper,io.cucumber.testng.FeatureWrapper)[pri:0, instance:com.ericsson.estee.ui.runner.TestNGTestRunner@1f3f4916]" started-at="2023-06-08T21:24:22 IST" name="runScenario" description="Runs Cucumber Scenarios" data-provider="scenarios" finished-at="2023-06-08T21:25:30 IST" duration-ms="68679" status="PASS">
          <params>
            <param index="0">
              <value>
                <![CDATA["User Login In"]]>
              </value>
            </param>
            <param index="1">
              <value>
                <![CDATA["Login Feature"]]>
              </value>
            </param>
          </params>
          <reporter-output>
          </reporter-output>
        </test-method> <!-- runScenario -->
        <test-method is-config="true" signature="tearDownClass()[pri:0, instance:com.ericsson.estee.ui.runner.TestNGTestRunner@1f3f4916]" started-at="2023-06-08T21:25:30 IST" name="tearDownClass" finished-at="2023-06-08T21:25:32 IST" duration-ms="2173" status="PASS">
          <reporter-output>
          </reporter-output>
        </test-method> <!-- tearDownClass -->
      </class> <!-- com.ericsson.estee.ui.runner.TestNGTestRunner -->
    </test> <!-- Surefire test -->
  </suite> <!-- Surefire suite -->
</testng-results>
