<?xml version="1.0" encoding="UTF-8"?>
<testng-results ignored="0" total="1" passed="1" failed="0" skipped="0">
  <reporter-output>
  </reporter-output>
  <suite started-at="2023-06-14T21:26:36 IST" name="Default suite" finished-at="2023-06-14T21:28:55 IST" duration-ms="139777">
    <groups>
      <group name="cucumber">
        <method signature="AbstractTestNGCucumberTests.runScenario(io.cucumber.testng.PickleWrapper,io.cucumber.testng.FeatureWrapper)[pri:0, instance:com.ericsson.estee.ui.runner.TestNGTestRunner@2f4948e4]" name="runScenario" class="io.cucumber.testng.AbstractTestNGCucumberTests"/>
      </group> <!-- cucumber -->
    </groups>
    <test started-at="2023-06-14T21:26:36 IST" name="Default test" finished-at="2023-06-14T21:28:55 IST" duration-ms="139777">
      <class name="com.ericsson.estee.ui.runner.TestNGTestRunner">
        <test-method is-config="true" signature="setUpClass(org.testng.ITestContext)[pri:0, instance:com.ericsson.estee.ui.runner.TestNGTestRunner@2f4948e4]" started-at="2023-06-14T21:26:36 IST" name="setUpClass" finished-at="2023-06-14T21:26:40 IST" duration-ms="4396" status="PASS">
          <params>
            <param index="0">
              <value>
                <![CDATA[org.testng.TestRunner@6ddd1c51]]>
              </value>
            </param>
          </params>
          <reporter-output>
          </reporter-output>
        </test-method> <!-- setUpClass -->
        <test-method signature="runScenario(io.cucumber.testng.PickleWrapper,io.cucumber.testng.FeatureWrapper)[pri:0, instance:com.ericsson.estee.ui.runner.TestNGTestRunner@2f4948e4]" started-at="2023-06-14T21:26:40 IST" name="runScenario" description="Runs Cucumber Scenarios" data-provider="scenarios" finished-at="2023-06-14T21:28:40 IST" duration-ms="119897" status="PASS">
          <params>
            <param index="0">
              <value>
                <![CDATA["User search for the nearest store"]]>
              </value>
            </param>
            <param index="1">
              <value>
                <![CDATA["Store search"]]>
              </value>
            </param>
          </params>
          <reporter-output>
          </reporter-output>
        </test-method> <!-- runScenario -->
        <test-method is-config="true" signature="tearDownClass()[pri:0, instance:com.ericsson.estee.ui.runner.TestNGTestRunner@2f4948e4]" started-at="2023-06-14T21:28:40 IST" name="tearDownClass" finished-at="2023-06-14T21:28:55 IST" duration-ms="15019" status="PASS">
          <reporter-output>
          </reporter-output>
        </test-method> <!-- tearDownClass -->
      </class> <!-- com.ericsson.estee.ui.runner.TestNGTestRunner -->
    </test> <!-- Default test -->
  </suite> <!-- Default suite -->
</testng-results>
